\BOOKMARK [1][-]{section.1}{Introduzione}{}% 1
\BOOKMARK [2][-]{subsection.1.1}{Scopo del documento}{section.1}% 2
\BOOKMARK [2][-]{subsection.1.2}{Scopo del prodotto}{section.1}% 3
\BOOKMARK [2][-]{subsection.1.3}{Glossario}{section.1}% 4
\BOOKMARK [2][-]{subsection.1.4}{Riferimenti}{section.1}% 5
\BOOKMARK [3][-]{subsubsection.1.4.1}{Normativi}{subsection.1.4}% 6
\BOOKMARK [3][-]{subsubsection.1.4.2}{Informativi}{subsection.1.4}% 7
\BOOKMARK [1][-]{section.2}{Tecnologie Utilizzate}{}% 8
\BOOKMARK [2][-]{subsection.2.1}{Javascript 6th edition \(ECMA SCRIPT 6\)}{section.2}% 9
\BOOKMARK [2][-]{subsection.2.2}{Meteor}{section.2}% 10
\BOOKMARK [2][-]{subsection.2.3}{Mongo DB}{section.2}% 11
\BOOKMARK [2][-]{subsection.2.4}{HTML5}{section.2}% 12
\BOOKMARK [2][-]{subsection.2.5}{SCSS}{section.2}% 13
\BOOKMARK [2][-]{subsection.2.6}{React}{section.2}% 14
\BOOKMARK [2][-]{subsection.2.7}{Node.js}{section.2}% 15
\BOOKMARK [2][-]{subsection.2.8}{Rochet.chat}{section.2}% 16
\BOOKMARK [2][-]{subsection.2.9}{Bootstrap}{section.2}% 17
\BOOKMARK [2][-]{subsection.2.10}{polyglot.js}{section.2}% 18
\BOOKMARK [2][-]{subsection.2.11}{Money.js}{section.2}% 19
\BOOKMARK [2][-]{subsection.2.12}{weather.js}{section.2}% 20
\BOOKMARK [2][-]{subsection.2.13}{classNames}{section.2}% 21
\BOOKMARK [1][-]{section.3}{Descrizione Architettura}{}% 22
\BOOKMARK [2][-]{subsection.3.1}{Metodo e formalismo di specifica}{section.3}% 23
\BOOKMARK [2][-]{subsection.3.2}{Architettura generale}{section.3}% 24
\BOOKMARK [1][-]{section.4}{Standard di Progetto}{}% 25
\BOOKMARK [2][-]{subsection.4.1}{Standard di progettazione architetturale}{section.4}% 26
\BOOKMARK [2][-]{subsection.4.2}{Standard di documentazione del codice}{section.4}% 27
\BOOKMARK [2][-]{subsection.4.3}{Standard di denominazione di entit\340 e relazioni }{section.4}% 28
\BOOKMARK [2][-]{subsection.4.4}{Standard di programmazione}{section.4}% 29
\BOOKMARK [2][-]{subsection.4.5}{Strumenti di lavoro}{section.4}% 30
\BOOKMARK [1][-]{section.5}{Diagrammi di Attivit\340}{}% 31
\BOOKMARK [1][-]{section.6}{Design Pattern}{}% 32
\BOOKMARK [1][-]{section.7}{Tracciamento}{}% 33
\BOOKMARK [1][-]{appendix.Alph1}{Descrizione Design Pattern}{}% 34
\BOOKMARK [2][-]{subsection.Alph1.1}{Design Pattern Comportamentali}{appendix.Alph1}% 35
