\BOOKMARK [1][-]{section.1}{Introduzione}{}% 1
\BOOKMARK [2][-]{subsection.1.1}{Scopo del documento}{section.1}% 2
\BOOKMARK [2][-]{subsection.1.2}{Scopo del prodotto}{section.1}% 3
\BOOKMARK [2][-]{subsection.1.3}{Glossario}{section.1}% 4
\BOOKMARK [2][-]{subsection.1.4}{Riferimenti}{section.1}% 5
\BOOKMARK [3][-]{subsubsection.1.4.1}{Normativi}{subsection.1.4}% 6
\BOOKMARK [3][-]{subsubsection.1.4.2}{Informativi}{subsection.1.4}% 7
\BOOKMARK [1][-]{section.2}{Strategia di verifica}{}% 8
\BOOKMARK [2][-]{subsection.2.1}{Definizione obiettivi}{section.2}% 9
\BOOKMARK [3][-]{subsubsection.2.1.1}{Qualit\340 di processo}{subsection.2.1}% 10
\BOOKMARK [3][-]{subsubsection.2.1.2}{Qualit\340 di prodotto}{subsection.2.1}% 11
\BOOKMARK [2][-]{subsection.2.2}{Procedure di controllo della qualit\340 di processo}{section.2}% 12
\BOOKMARK [2][-]{subsection.2.3}{Procedure di controllo della qualit\340 di prodotto}{section.2}% 13
\BOOKMARK [2][-]{subsection.2.4}{Organizzazione}{section.2}% 14
\BOOKMARK [3][-]{subsubsection.2.4.1}{Analisi}{subsection.2.4}% 15
\BOOKMARK [3][-]{subsubsection.2.4.2}{Progettazione Architetturale}{subsection.2.4}% 16
\BOOKMARK [3][-]{subsubsection.2.4.3}{Progettazione di Dettaglio e Codifica}{subsection.2.4}% 17
\BOOKMARK [2][-]{subsection.2.5}{Responsabilit\340}{section.2}% 18
\BOOKMARK [2][-]{subsection.2.6}{Risorse}{section.2}% 19
\BOOKMARK [2][-]{subsection.2.7}{Tecniche di analisi}{section.2}% 20
\BOOKMARK [3][-]{subsubsection.2.7.1}{Analisi statica}{subsection.2.7}% 21
\BOOKMARK [3][-]{subsubsection.2.7.2}{Analisi dinamica}{subsection.2.7}% 22
\BOOKMARK [2][-]{subsection.2.8}{Misure e metriche}{section.2}% 23
\BOOKMARK [3][-]{subsubsection.2.8.1}{Metriche per i processi}{subsection.2.8}% 24
\BOOKMARK [3][-]{subsubsection.2.8.2}{Metriche per i prodotti}{subsection.2.8}% 25
\BOOKMARK [1][-]{section.3}{Gestione amministrativa della revisione}{}% 26
\BOOKMARK [2][-]{subsection.3.1}{Comunicazione delle anomalie}{section.3}% 27
\BOOKMARK [2][-]{subsection.3.2}{Procedure di controllo per la qualit\340 di processo}{section.3}% 28
\BOOKMARK [1][-]{appendix.Alph1}{Standard di qualit\340}{}% 29
\BOOKMARK [2][-]{subsection.Alph1.1}{Standard ISO/IEC 15504}{appendix.Alph1}% 30
\BOOKMARK [2][-]{subsection.Alph1.2}{Ciclo di Deming PDCA}{appendix.Alph1}% 31
\BOOKMARK [2][-]{subsection.Alph1.3}{Standard ISO/IEC 9126}{appendix.Alph1}% 32
\BOOKMARK [1][-]{appendix.Alph2}{Resoconto delle attivit\340 di verifica}{}% 33
\BOOKMARK [2][-]{subsection.Alph2.1}{Revisione dei Requisiti}{appendix.Alph2}% 34
\BOOKMARK [3][-]{subsubsection.Alph2.1.1}{Processi}{subsection.Alph2.1}% 35
\BOOKMARK [3][-]{subsubsection.Alph2.1.2}{Documenti}{subsection.Alph2.1}% 36
\BOOKMARK [2][-]{subsection.Alph2.2}{Revisione di Progettazione}{appendix.Alph2}% 37
\BOOKMARK [3][-]{subsubsection.Alph2.2.1}{Processi}{subsection.Alph2.2}% 38
\BOOKMARK [3][-]{subsubsection.Alph2.2.2}{Documenti}{subsection.Alph2.2}% 39
