This is pdfTeX, Version 3.14159265-2.6-1.40.17 (TeX Live 2016) (preloaded format=pdflatex 2017.1.26)  19 JUN 2017 13:07
entering extended mode
 restricted \write18 enabled.
 %&-line parsing enabled.
**ndp.tex
(./ndp.tex
LaTeX2e <2016/03/31>
Babel <3.9r> and hyphenation patterns for 83 language(s) loaded.
(/usr/local/texlive/2016/texmf-dist/tex/latex/base/article.cls
Document Class: article 2014/09/29 v1.4h Standard LaTeX document class
(/usr/local/texlive/2016/texmf-dist/tex/latex/base/size10.clo
File: size10.clo 2014/09/29 v1.4h Standard LaTeX file (size option)
)
\c@part=\count79
\c@section=\count80
\c@subsection=\count81
\c@subsubsection=\count82
\c@paragraph=\count83
\c@subparagraph=\count84
\c@figure=\count85
\c@table=\count86
\abovecaptionskip=\skip41
\belowcaptionskip=\skip42
\bibindent=\dimen102
)
(/usr/local/texlive/2016/texmf-dist/tex/latex/hyperref/hyperref.sty
Package: hyperref 2016/05/05 v6.83n Hypertext links for LaTeX

(/usr/local/texlive/2016/texmf-dist/tex/generic/oberdiek/hobsub-hyperref.sty
Package: hobsub-hyperref 2016/05/16 v1.14 Bundle oberdiek, subset hyperref (HO)


(/usr/local/texlive/2016/texmf-dist/tex/generic/oberdiek/hobsub-generic.sty
Package: hobsub-generic 2016/05/16 v1.14 Bundle oberdiek, subset generic (HO)
Package: hobsub 2016/05/16 v1.14 Construct package bundles (HO)
Package: infwarerr 2016/05/16 v1.4 Providing info/warning/error messages (HO)
Package: ltxcmds 2016/05/16 v1.23 LaTeX kernel commands for general use (HO)
Package: ifluatex 2016/05/16 v1.4 Provides the ifluatex switch (HO)
Package ifluatex Info: LuaTeX not detected.
Package: ifvtex 2016/05/16 v1.6 Detect VTeX and its facilities (HO)
Package ifvtex Info: VTeX not detected.
Package: intcalc 2016/05/16 v1.2 Expandable calculations with integers (HO)
Package: ifpdf 2016/05/14 v3.1 Provides the ifpdf switch
Package: etexcmds 2016/05/16 v1.6 Avoid name clashes with e-TeX commands (HO)
Package etexcmds Info: Could not find \expanded.
(etexcmds)             That can mean that you are not using pdfTeX 1.50 or
(etexcmds)             that some package has redefined \expanded.
(etexcmds)             In the latter case, load this package earlier.
Package: kvsetkeys 2016/05/16 v1.17 Key value parser (HO)
Package: kvdefinekeys 2016/05/16 v1.4 Define keys (HO)
Package: pdftexcmds 2016/05/10 v0.21 Utility functions of pdfTeX for LuaTeX (HO
)
Package pdftexcmds Info: LuaTeX not detected.
Package pdftexcmds Info: \pdf@primitive is available.
Package pdftexcmds Info: \pdf@ifprimitive is available.
Package pdftexcmds Info: \pdfdraftmode found.
Package: pdfescape 2016/05/16 v1.14 Implements pdfTeX's escape features (HO)
Package: bigintcalc 2016/05/16 v1.4 Expandable calculations on big integers (HO
)
Package: bitset 2016/05/16 v1.2 Handle bit-vector datatype (HO)
Package: uniquecounter 2016/05/16 v1.3 Provide unlimited unique counter (HO)
)
Package hobsub Info: Skipping package `hobsub' (already loaded).
Package: letltxmacro 2016/05/16 v1.5 Let assignment for LaTeX macros (HO)
Package: hopatch 2016/05/16 v1.3 Wrapper for package hooks (HO)
Package: xcolor-patch 2016/05/16 xcolor patch
Package: atveryend 2016/05/16 v1.9 Hooks at the very end of document (HO)
Package atveryend Info: \enddocument detected (standard20110627).
Package: atbegshi 2016/05/16 v1.17 At begin shipout hook (HO)
Package: refcount 2016/05/16 v3.5 Data extraction from label references (HO)
Package: hycolor 2016/05/16 v1.8 Color options for hyperref/bookmark (HO)
)
(/usr/local/texlive/2016/texmf-dist/tex/latex/graphics/keyval.sty
Package: keyval 2014/10/28 v1.15 key=value parser (DPC)
\KV@toks@=\toks14
)
(/usr/local/texlive/2016/texmf-dist/tex/generic/ifxetex/ifxetex.sty
Package: ifxetex 2010/09/12 v0.6 Provides ifxetex conditional
)
(/usr/local/texlive/2016/texmf-dist/tex/latex/oberdiek/auxhook.sty
Package: auxhook 2016/05/16 v1.4 Hooks for auxiliary files (HO)
)
(/usr/local/texlive/2016/texmf-dist/tex/latex/oberdiek/kvoptions.sty
Package: kvoptions 2016/05/16 v3.12 Key value format for package options (HO)
)
\@linkdim=\dimen103
\Hy@linkcounter=\count87
\Hy@pagecounter=\count88

(/usr/local/texlive/2016/texmf-dist/tex/latex/hyperref/pd1enc.def
File: pd1enc.def 2016/05/05 v6.83n Hyperref: PDFDocEncoding definition (HO)
)
\Hy@SavedSpaceFactor=\count89

(/usr/local/texlive/2016/texmf-dist/tex/latex/latexconfig/hyperref.cfg
File: hyperref.cfg 2002/06/06 v1.2 hyperref configuration of TeXLive
)
Package hyperref Info: Hyper figures OFF on input line 4446.
Package hyperref Info: Link nesting OFF on input line 4451.
Package hyperref Info: Hyper index ON on input line 4454.
Package hyperref Info: Plain pages OFF on input line 4461.
Package hyperref Info: Backreferencing OFF on input line 4466.
Package hyperref Info: Implicit mode ON; LaTeX internals redefined.
Package hyperref Info: Bookmarks ON on input line 4691.
\c@Hy@tempcnt=\count90

(/usr/local/texlive/2016/texmf-dist/tex/latex/url/url.sty
\Urlmuskip=\muskip10
Package: url 2013/09/16  ver 3.4  Verb mode for urls, etc.
)
LaTeX Info: Redefining \url on input line 5044.
\XeTeXLinkMargin=\dimen104
\Fld@menulength=\count91
\Field@Width=\dimen105
\Fld@charsize=\dimen106
Package hyperref Info: Hyper figures OFF on input line 6298.
Package hyperref Info: Link nesting OFF on input line 6303.
Package hyperref Info: Hyper index ON on input line 6306.
Package hyperref Info: backreferencing OFF on input line 6313.
Package hyperref Info: Link coloring OFF on input line 6318.
Package hyperref Info: Link coloring with OCG OFF on input line 6323.
Package hyperref Info: PDF/A mode OFF on input line 6328.
LaTeX Info: Redefining \ref on input line 6368.
LaTeX Info: Redefining \pageref on input line 6372.
\Hy@abspage=\count92
\c@Item=\count93
\c@Hfootnote=\count94
)

Package hyperref Message: Driver (autodetected): hpdftex.

(/usr/local/texlive/2016/texmf-dist/tex/latex/hyperref/hpdftex.def
File: hpdftex.def 2016/05/05 v6.83n Hyperref driver for pdfTeX
\Fld@listcount=\count95
\c@bookmark@seq@number=\count96

(/usr/local/texlive/2016/texmf-dist/tex/latex/oberdiek/rerunfilecheck.sty
Package: rerunfilecheck 2016/05/16 v1.8 Rerun checks for auxiliary files (HO)
Package uniquecounter Info: New unique counter `rerunfilecheck' on input line 2
82.
)
\Hy@SectionHShift=\skip43
)
(/usr/local/texlive/2016/texmf-dist/tex/generic/babel/babel.sty
Package: babel 2016/04/23 3.9r The Babel package

(/usr/local/texlive/2016/texmf-dist/tex/generic/babel-italian/italian.ldf
Language: italian 2015/03/26 v1.3n Italian support from the babel system

(/usr/local/texlive/2016/texmf-dist/tex/generic/babel/babel.def
File: babel.def 2016/04/23 3.9r Babel common definitions
\babel@savecnt=\count97
\U@D=\dimen107
)
\it@lettering=\count98
\it@doublequoteactive=\count99
\it@ISOcompliance=\count100
))
(/usr/local/texlive/2016/texmf-dist/tex/latex/etoolbox/etoolbox.sty
Package: etoolbox 2015/08/02 v2.2a e-TeX tools for LaTeX (JAW)
\etb@tempcnta=\count101
)
(/usr/local/texlive/2016/texmf-dist/tex/latex/base/fontenc.sty
Package: fontenc 2005/09/27 v1.99g Standard LaTeX package

(/usr/local/texlive/2016/texmf-dist/tex/latex/base/t1enc.def
File: t1enc.def 2005/09/27 v1.99g Standard LaTeX file
LaTeX Font Info:    Redeclaring font encoding T1 on input line 48.
))
(/usr/local/texlive/2016/texmf-dist/tex/latex/base/inputenc.sty
Package: inputenc 2015/03/17 v1.2c Input encoding file
\inpenc@prehook=\toks15
\inpenc@posthook=\toks16

(/usr/local/texlive/2016/texmf-dist/tex/latex/ucs/utf8x.def
File: utf8x.def 2004/10/17 UCS: Input encoding UTF-8
))
(/usr/local/texlive/2016/texmf-dist/tex/latex/ucs/ucs.sty
Package: ucs 2013/05/11 v2.2 UCS: Unicode input support

(/usr/local/texlive/2016/texmf-dist/tex/latex/ucs/data/uni-global.def
File: uni-global.def 2013/05/13 UCS: Unicode global data
)
\uc@secondtry=\count102
\uc@combtoks=\toks17
\uc@combtoksb=\toks18
\uc@temptokena=\toks19
)
(/usr/local/texlive/2016/texmf-dist/tex/latex/amsfonts/amsfonts.sty
Package: amsfonts 2013/01/14 v3.01 Basic AMSFonts support
\@emptytoks=\toks20
\symAMSa=\mathgroup4
\symAMSb=\mathgroup5
LaTeX Font Info:    Overwriting math alphabet `\mathfrak' in version `bold'
(Font)                  U/euf/m/n --> U/euf/b/n on input line 106.
)
(/usr/local/texlive/2016/texmf-dist/tex/latex/tools/multicol.sty
Package: multicol 2016/04/07 v1.8p multicolumn formatting (FMi)
\c@tracingmulticols=\count103
\mult@box=\box26
\multicol@leftmargin=\dimen108
\c@unbalance=\count104
\c@collectmore=\count105
\doublecol@number=\count106
\multicoltolerance=\count107
\multicolpretolerance=\count108
\full@width=\dimen109
\page@free=\dimen110
\premulticols=\dimen111
\postmulticols=\dimen112
\multicolsep=\skip44
\multicolbaselineskip=\skip45
\partial@page=\box27
\last@line=\box28
\maxbalancingoverflow=\dimen113
\mult@rightbox=\box29
\mult@grightbox=\box30
\mult@gfirstbox=\box31
\mult@firstbox=\box32
\@tempa=\box33
\@tempa=\box34
\@tempa=\box35
\@tempa=\box36
\@tempa=\box37
\@tempa=\box38
\@tempa=\box39
\@tempa=\box40
\@tempa=\box41
\@tempa=\box42
\@tempa=\box43
\@tempa=\box44
\@tempa=\box45
\@tempa=\box46
\@tempa=\box47
\@tempa=\box48
\@tempa=\box49
\c@columnbadness=\count109
\c@finalcolumnbadness=\count110
\last@try=\dimen114
\multicolovershoot=\dimen115
\multicolundershoot=\dimen116
\mult@nat@firstbox=\box50
\colbreak@box=\box51
\mc@col@check@num=\count111
)
(/usr/local/texlive/2016/texmf-dist/tex/latex/graphics/graphicx.sty
Package: graphicx 2014/10/28 v1.0g Enhanced LaTeX Graphics (DPC,SPQR)

(/usr/local/texlive/2016/texmf-dist/tex/latex/graphics/graphics.sty
Package: graphics 2016/05/09 v1.0r Standard LaTeX Graphics (DPC,SPQR)

(/usr/local/texlive/2016/texmf-dist/tex/latex/graphics/trig.sty
Package: trig 2016/01/03 v1.10 sin cos tan (DPC)
)
(/usr/local/texlive/2016/texmf-dist/tex/latex/graphics-cfg/graphics.cfg
File: graphics.cfg 2016/01/02 v1.10 sample graphics configuration
)
Package graphics Info: Driver file: pdftex.def on input line 96.

(/usr/local/texlive/2016/texmf-dist/tex/latex/pdftex-def/pdftex.def
File: pdftex.def 2011/05/27 v0.06d Graphics/color for pdfTeX
\Gread@gobject=\count112
))
\Gin@req@height=\dimen117
\Gin@req@width=\dimen118
)
(/usr/local/texlive/2016/texmf-dist/tex/latex/amsmath/amsmath.sty
Package: amsmath 2016/03/10 v2.15b AMS math features
\@mathmargin=\skip46

For additional information on amsmath, use the `?' option.
(/usr/local/texlive/2016/texmf-dist/tex/latex/amsmath/amstext.sty
Package: amstext 2000/06/29 v2.01 AMS text

(/usr/local/texlive/2016/texmf-dist/tex/latex/amsmath/amsgen.sty
File: amsgen.sty 1999/11/30 v2.0 generic functions
\@emptytoks=\toks21
\ex@=\dimen119
))
(/usr/local/texlive/2016/texmf-dist/tex/latex/amsmath/amsbsy.sty
Package: amsbsy 1999/11/29 v1.2d Bold Symbols
\pmbraise@=\dimen120
)
(/usr/local/texlive/2016/texmf-dist/tex/latex/amsmath/amsopn.sty
Package: amsopn 2016/03/08 v2.02 operator names
)
\inf@bad=\count113
LaTeX Info: Redefining \frac on input line 199.
\uproot@=\count114
\leftroot@=\count115
LaTeX Info: Redefining \overline on input line 297.
\classnum@=\count116
\DOTSCASE@=\count117
LaTeX Info: Redefining \ldots on input line 394.
LaTeX Info: Redefining \dots on input line 397.
LaTeX Info: Redefining \cdots on input line 518.
\Mathstrutbox@=\box52
\strutbox@=\box53
\big@size=\dimen121
LaTeX Font Info:    Redeclaring font encoding OML on input line 634.
LaTeX Font Info:    Redeclaring font encoding OMS on input line 635.
\macc@depth=\count118
\c@MaxMatrixCols=\count119
\dotsspace@=\muskip11
\c@parentequation=\count120
\dspbrk@lvl=\count121
\tag@help=\toks22
\row@=\count122
\column@=\count123
\maxfields@=\count124
\andhelp@=\toks23
\eqnshift@=\dimen122
\alignsep@=\dimen123
\tagshift@=\dimen124
\tagwidth@=\dimen125
\totwidth@=\dimen126
\lineht@=\dimen127
\@envbody=\toks24
\multlinegap=\skip47
\multlinetaggap=\skip48
\mathdisplay@stack=\toks25
LaTeX Info: Redefining \[ on input line 2739.
LaTeX Info: Redefining \] on input line 2740.
)
(/usr/local/texlive/2016/texmf-dist/tex/latex/framed/framed.sty
Package: framed 2011/10/22 v 0.96: framed or shaded text with page breaks
\OuterFrameSep=\skip49
\fb@frw=\dimen128
\fb@frh=\dimen129
\FrameRule=\dimen130
\FrameSep=\dimen131
)
(/usr/local/texlive/2016/texmf-dist/tex/latex/extarrows/extarrows.sty
Package: extarrows 2008/05/15 v1.0b Some extensible arrows
)
(/usr/local/texlive/2016/texmf-dist/tex/latex/cancel/cancel.sty
Package: cancel 2013/04/12 v2.2 Cancel math terms
)
(/usr/local/texlive/2016/texmf-dist/tex/latex/eurosym/eurosym.sty
Package: eurosym 1998/08/06 v1.1 European currency symbol ``Euro''
\@eurobox=\box54
)
(/usr/local/texlive/2016/texmf-dist/tex/latex/oberdiek/listingsutf8.sty
Package: listingsutf8 2016/05/16 v1.3 Allow UTF-8 in listings input (HO)

(/usr/local/texlive/2016/texmf-dist/tex/latex/listings/listings.sty
\lst@mode=\count125
\lst@gtempboxa=\box55
\lst@token=\toks26
\lst@length=\count126
\lst@currlwidth=\dimen132
\lst@column=\count127
\lst@pos=\count128
\lst@lostspace=\dimen133
\lst@width=\dimen134
\lst@newlines=\count129
\lst@lineno=\count130
\lst@maxwidth=\dimen135

(/usr/local/texlive/2016/texmf-dist/tex/latex/listings/lstmisc.sty
File: lstmisc.sty 2015/06/04 1.6 (Carsten Heinz)
\c@lstnumber=\count131
\lst@skipnumbers=\count132
\lst@framebox=\box56
)
(/usr/local/texlive/2016/texmf-dist/tex/latex/listings/listings.cfg
File: listings.cfg 2015/06/04 1.6 listings configuration
))
Package: listings 2015/06/04 1.6 (Carsten Heinz)

(/usr/local/texlive/2016/texmf-dist/tex/generic/oberdiek/stringenc.sty
Package: stringenc 2016/05/16 v1.11 Convert strings between diff. encodings (HO
)
))
(/usr/local/texlive/2016/texmf-dist/tex/latex/lastpage/lastpage.sty
Package: lastpage 2015/03/29 v1.2m Refers to last page's name (HMM; JPG)
)
(/usr/local/texlive/2016/texmf-dist/tex/latex/caption/caption.sty
Package: caption 2016/02/21 v3.3-144 Customizing captions (AR)

(/usr/local/texlive/2016/texmf-dist/tex/latex/caption/caption3.sty
Package: caption3 2016/02/04 v1.7-139 caption3 kernel (AR)
Package caption3 Info: TeX engine: e-TeX on input line 67.
\captionmargin=\dimen136
\captionmargin@=\dimen137
\captionwidth=\dimen138
\caption@tempdima=\dimen139
\caption@indent=\dimen140
\caption@parindent=\dimen141
\caption@hangindent=\dimen142
)
\c@ContinuedFloat=\count133
Package caption Info: hyperref package is loaded.
Package caption Info: listings package is loaded.
)
(/usr/local/texlive/2016/texmf-dist/tex/latex/makecell/makecell.sty
Package: makecell 2009/08/03 V0.1e Managing of Tab Column Heads and Cells

(/usr/local/texlive/2016/texmf-dist/tex/latex/tools/array.sty
Package: array 2014/10/28 v2.4c Tabular extension package (FMi)
\col@sep=\dimen143
\extrarowheight=\dimen144
\NC@list=\toks27
\extratabsurround=\skip50
\backup@length=\skip51
)
\rotheadsize=\dimen145
\c@nlinenum=\count134
\TeXr@lab=\toks28
)
(/usr/local/texlive/2016/texmf-dist/tex/latex/tools/longtable.sty
Package: longtable 2014/10/28 v4.11 Multi-page Table package (DPC)
\LTleft=\skip52
\LTright=\skip53
\LTpre=\skip54
\LTpost=\skip55
\LTchunksize=\count135
\LTcapwidth=\dimen146
\LT@head=\box57
\LT@firsthead=\box58
\LT@foot=\box59
\LT@lastfoot=\box60
\LT@cols=\count136
\LT@rows=\count137
\c@LT@tables=\count138
\c@LT@chunks=\count139
\LT@p@ftn=\toks29
)
(/usr/local/texlive/2016/texmf-dist/tex/latex/base/makeidx.sty
Package: makeidx 2014/09/29 v1.0m Standard LaTeX package
)
\@indexfile=\write3
\openout3 = `ndp.idx'.


Writing index file ndp.idx
(/usr/local/texlive/2016/texmf-dist/tex/latex/fancyhdr/fancyhdr.sty
\fancy@headwidth=\skip56
\f@ncyO@elh=\skip57
\f@ncyO@erh=\skip58
\f@ncyO@olh=\skip59
\f@ncyO@orh=\skip60
\f@ncyO@elf=\skip61
\f@ncyO@erf=\skip62
\f@ncyO@olf=\skip63
\f@ncyO@orf=\skip64
)
(../../../file_comuni/copertina.sty)

LaTeX Warning: Unused global option(s):
    [openany].

(./ndp.aux (./controcopertina.aux) (./contenuto.aux))
\openout1 = `ndp.aux'.

LaTeX Font Info:    Checking defaults for OML/cmm/m/it on input line 50.
LaTeX Font Info:    ... okay on input line 50.
LaTeX Font Info:    Checking defaults for T1/cmr/m/n on input line 50.
LaTeX Font Info:    ... okay on input line 50.
LaTeX Font Info:    Checking defaults for OT1/cmr/m/n on input line 50.
LaTeX Font Info:    ... okay on input line 50.
LaTeX Font Info:    Checking defaults for OMS/cmsy/m/n on input line 50.
LaTeX Font Info:    ... okay on input line 50.
LaTeX Font Info:    Checking defaults for OMX/cmex/m/n on input line 50.
LaTeX Font Info:    ... okay on input line 50.
LaTeX Font Info:    Checking defaults for U/cmr/m/n on input line 50.
LaTeX Font Info:    ... okay on input line 50.
LaTeX Font Info:    Checking defaults for PD1/pdf/m/n on input line 50.
LaTeX Font Info:    ... okay on input line 50.
\AtBeginShipoutBox=\box61
Package hyperref Info: Link coloring OFF on input line 50.

(/usr/local/texlive/2016/texmf-dist/tex/latex/hyperref/nameref.sty
Package: nameref 2012/10/27 v2.43 Cross-referencing by name of section

(/usr/local/texlive/2016/texmf-dist/tex/generic/oberdiek/gettitlestring.sty
Package: gettitlestring 2016/05/16 v1.5 Cleanup title references (HO)
)
\c@section@level=\count140
)
LaTeX Info: Redefining \ref on input line 50.
LaTeX Info: Redefining \pageref on input line 50.
LaTeX Info: Redefining \nameref on input line 50.

(./ndp.out) (./ndp.out)
\@outlinefile=\write4
\openout4 = `ndp.out'.

LaTeX Info: Redefining \it@ocap on input line 50.
LaTeX Info: Redefining \it@ccap on input line 50.

(/usr/local/texlive/2016/texmf-dist/tex/latex/ucs/ucsencs.def
File: ucsencs.def 2011/01/21 Fixes to fontencodings LGR, T3
)
(/usr/local/texlive/2016/texmf-dist/tex/context/base/mkii/supp-pdf.mkii
[Loading MPS to PDF converter (version 2006.09.02).]
\scratchcounter=\count141
\scratchdimen=\dimen147
\scratchbox=\box62
\nofMPsegments=\count142
\nofMParguments=\count143
\everyMPshowfont=\toks30
\MPscratchCnt=\count144
\MPscratchDim=\dimen148
\MPnumerator=\count145
\makeMPintoPDFobject=\count146
\everyMPtoPDFconversion=\toks31
) (/usr/local/texlive/2016/texmf-dist/tex/latex/oberdiek/epstopdf-base.sty
Package: epstopdf-base 2016/05/15 v2.6 Base part for package epstopdf

(/usr/local/texlive/2016/texmf-dist/tex/latex/oberdiek/grfext.sty
Package: grfext 2016/05/16 v1.2 Manage graphics extensions (HO)
)
Package grfext Info: Graphics extension search list:
(grfext)             [.png,.pdf,.jpg,.mps,.jpeg,.jbig2,.jb2,.PNG,.PDF,.JPG,.JPE
G,.JBIG2,.JB2,.eps]
(grfext)             \AppendGraphicsExtensions on input line 456.

(/usr/local/texlive/2016/texmf-dist/tex/latex/latexconfig/epstopdf-sys.cfg
File: epstopdf-sys.cfg 2010/07/13 v1.3 Configuration of (r)epstopdf for TeX Liv
e
))
\c@lstlisting=\count147
Package lastpage Info: Please have a look at the pageslts package at
(lastpage)             https://www.ctan.org/pkg/pageslts
(lastpage)             ! on input line 50.
Package caption Info: Begin \AtBeginDocument code.
Package caption Info: longtable package is loaded.

(/usr/local/texlive/2016/texmf-dist/tex/latex/caption/ltcaption.sty
Package: ltcaption 2013/06/09 v1.4-94 longtable captions (AR)
)
Package caption Info: End \AtBeginDocument code.

<../../../file_comuni/immagini/monolith.png, id=301, 458.513pt x 466.543pt>
File: ../../../file_comuni/immagini/monolith.png Graphic file (type png)

<use ../../../file_comuni/immagini/monolith.png>
Package pdftex.def Info: ../../../file_comuni/immagini/monolith.png used on inp
ut line 53.
(pdftex.def)             Requested size: 62.09747pt x 63.1799pt.

Underfull \hbox (badness 10000) in paragraph at lines 53--53

 []


<../../../file_comuni/immagini/obelisk_sample_02.png, id=303, 301.125pt x 500.8
7125pt>
File: ../../../file_comuni/immagini/obelisk_sample_02.png Graphic file (type pn
g)
 <use ../../../file_comuni/immagini/obelisk_sample_02.png>
Package pdftex.def Info: ../../../file_comuni/immagini/obelisk_sample_02.png us
ed on input line 53.
(pdftex.def)             Requested size: 75.90042pt x 126.24925pt.
LaTeX Font Info:    Try loading font information for U+msa on input line 53.

(/usr/local/texlive/2016/texmf-dist/tex/latex/amsfonts/umsa.fd
File: umsa.fd 2013/01/14 v3.01 AMS symbols A
)
LaTeX Font Info:    Try loading font information for U+msb on input line 53.

(/usr/local/texlive/2016/texmf-dist/tex/latex/amsfonts/umsb.fd
File: umsb.fd 2013/01/14 v3.01 AMS symbols B
)
(/usr/local/texlive/2016/texmf-dist/tex/latex/ucs/data/uni-0.def
File: uni-0.def 2013/05/13 UCS: Unicode data U+0000..U+00FF
) [1

{/usr/local/texlive/2016/texmf-var/fonts/map/pdftex/updmap/pdftex.map} <../../.
./file_comuni/immagini/monolith.png> <../../../file_comuni/immagini/obelisk_sam
ple_02.png>]
\openout2 = `controcopertina.aux'.

 (./controcopertina.tex
Overfull \hbox (3.03918pt too wide) in paragraph at lines 11--11
 []|\T1/cmr/bx/n/10 Versione| 
 []


Overfull \hbox (0.90843pt too wide) in alignment at lines 9--13
 [] [] [] [] 
 []


Overfull \hbox (0.90843pt too wide) in alignment at lines 13--14
 [] [] [] [] 
 []


Overfull \hbox (4.76884pt too wide) in paragraph at lines 18--18
 [] 
 []


Overfull \hbox (4.76884pt too wide) in paragraph at lines 19--19
 [] 
 []


Overfull \hbox (4.76884pt too wide) in paragraph at lines 23--23
 [] 
 []


Overfull \hbox (4.76884pt too wide) in paragraph at lines 29--29
 [] 
 []


Overfull \hbox (4.76884pt too wide) in paragraph at lines 31--31
 [] 
 []


Overfull \hbox (0.90843pt too wide) in alignment at lines 14--36
 [] [] [] [] 
 []


Underfull \vbox (badness 10000) detected at line 36
 []

File: ../../../file_comuni/immagini/obelisk_sample_02.png Graphic file (type pn
g)
<use ../../../file_comuni/immagini/obelisk_sample_02.png>
Package pdftex.def Info: ../../../file_comuni/immagini/obelisk_sample_02.png us
ed on input line 36.
(pdftex.def)             Requested size: 17.07182pt x 28.39252pt.


Package Fancyhdr Warning: \headheight is too small (12.0pt): 
 Make it at least 31.99255pt.
 We now make it that large for the rest of the document.
 This may cause the page layout to be inconsistent, however.

pdfTeX warning (ext4): destination with the same identifier (name{page.1}) has 
been already used, duplicate ignored
<to be read again> 
                   \relax 
l.36   \end{longtable}
                       [1

])
File: ../../../file_comuni/immagini/obelisk_sample_02.png Graphic file (type pn
g)

<use ../../../file_comuni/immagini/obelisk_sample_02.png>
Package pdftex.def Info: ../../../file_comuni/immagini/obelisk_sample_02.png us
ed on input line 54.
(pdftex.def)             Requested size: 17.07182pt x 28.39252pt.
 [2] (./ndp.toc
File: ../../../file_comuni/immagini/obelisk_sample_02.png Graphic file (type pn
g)

<use ../../../file_comuni/immagini/obelisk_sample_02.png>
Package pdftex.def Info: ../../../file_comuni/immagini/obelisk_sample_02.png us
ed on input line 92.
(pdftex.def)             Requested size: 17.07182pt x 28.39252pt.
 [3

])
\tf@toc=\write5
\openout5 = `ndp.toc'.

File: ../../../file_comuni/immagini/obelisk_sample_02.png Graphic file (type pn
g)

<use ../../../file_comuni/immagini/obelisk_sample_02.png>
Package pdftex.def Info: ../../../file_comuni/immagini/obelisk_sample_02.png us
ed on input line 56.
(pdftex.def)             Requested size: 17.07182pt x 28.39252pt.
 [4]
\openout2 = `contenuto.aux'.

 (./contenuto.tex
(/usr/local/texlive/2016/texmf-dist/tex/latex/ucs/data/uni-32.def
File: uni-32.def 2013/05/13 UCS: Unicode data U+2000..U+20FF
)
LaTeX Font Info:    Try loading font information for OMS+cmr on input line 34.

(/usr/local/texlive/2016/texmf-dist/tex/latex/base/omscmr.fd
File: omscmr.fd 2014/09/29 v2.5h Standard LaTeX font definitions
)
LaTeX Font Info:    Font shape `OMS/cmr/m/n' in size <10> not available
(Font)              Font shape `OMS/cmsy/m/n' tried instead on input line 34.
LaTeX Font Info:    Try loading font information for T1+cmtt on input line 34.

(/usr/local/texlive/2016/texmf-dist/tex/latex/base/t1cmtt.fd
File: t1cmtt.fd 2014/09/29 v2.5h Standard LaTeX font definitions
)
File: ../../../file_comuni/immagini/obelisk_sample_02.png Graphic file (type pn
g)

<use ../../../file_comuni/immagini/obelisk_sample_02.png>
Package pdftex.def Info: ../../../file_comuni/immagini/obelisk_sample_02.png us
ed on input line 57.
(pdftex.def)             Requested size: 17.07182pt x 28.39252pt.
 [5


]
Overfull \hbox (4.01143pt too wide) detected at line 80
\OML/cmm/m/it/10 UC\OT1/cmr/m/n/10 [[]]\OML/cmm/m/it/10 :\OT1/cmr/m/n/10 [[]] \
OMS/cmsy/m/n/10 ^^@ \OT1/cmr/m/n/10 [[]]
 []

File: ../../../file_comuni/immagini/obelisk_sample_02.png Graphic file (type pn
g)
<use ../../../file_comuni/immagini/obelisk_sample_02.png>
Package pdftex.def Info: ../../../file_comuni/immagini/obelisk_sample_02.png us
ed on input line 107.
(pdftex.def)             Requested size: 17.07182pt x 28.39252pt.
 [6]
File: ../../../file_comuni/immagini/obelisk_sample_02.png Graphic file (type pn
g)

<use ../../../file_comuni/immagini/obelisk_sample_02.png>
Package pdftex.def Info: ../../../file_comuni/immagini/obelisk_sample_02.png us
ed on input line 162.
(pdftex.def)             Requested size: 17.07182pt x 28.39252pt.
 [7]
File: ../../../file_comuni/immagini/obelisk_sample_02.png Graphic file (type pn
g)

<use ../../../file_comuni/immagini/obelisk_sample_02.png>
Package pdftex.def Info: ../../../file_comuni/immagini/obelisk_sample_02.png us
ed on input line 219.
(pdftex.def)             Requested size: 17.07182pt x 28.39252pt.
 [8]
File: ../../../file_comuni/immagini/obelisk_sample_02.png Graphic file (type pn
g)

<use ../../../file_comuni/immagini/obelisk_sample_02.png>
Package pdftex.def Info: ../../../file_comuni/immagini/obelisk_sample_02.png us
ed on input line 270.
(pdftex.def)             Requested size: 17.07182pt x 28.39252pt.
 [9]
File: ../../../file_comuni/immagini/obelisk_sample_02.png Graphic file (type pn
g)

<use ../../../file_comuni/immagini/obelisk_sample_02.png>
Package pdftex.def Info: ../../../file_comuni/immagini/obelisk_sample_02.png us
ed on input line 328.
(pdftex.def)             Requested size: 17.07182pt x 28.39252pt.
 [10]
File: ../../../file_comuni/immagini/obelisk_sample_02.png Graphic file (type pn
g)

<use ../../../file_comuni/immagini/obelisk_sample_02.png>
Package pdftex.def Info: ../../../file_comuni/immagini/obelisk_sample_02.png us
ed on input line 391.
(pdftex.def)             Requested size: 17.07182pt x 28.39252pt.
 [11]
File: ../../../file_comuni/immagini/obelisk_sample_02.png Graphic file (type pn
g)

<use ../../../file_comuni/immagini/obelisk_sample_02.png>
Package pdftex.def Info: ../../../file_comuni/immagini/obelisk_sample_02.png us
ed on input line 440.
(pdftex.def)             Requested size: 17.07182pt x 28.39252pt.
 [12]
File: ../../../file_comuni/immagini/obelisk_sample_02.png Graphic file (type pn
g)

<use ../../../file_comuni/immagini/obelisk_sample_02.png>
Package pdftex.def Info: ../../../file_comuni/immagini/obelisk_sample_02.png us
ed on input line 493.
(pdftex.def)             Requested size: 17.07182pt x 28.39252pt.
 [13]
Overfull \hbox (13.86168pt too wide) in paragraph at lines 515--518
[]\T1/cmr/m/n/10 Ore: le ore pre-sen-ti nei do-cu-men-ti de-vo-no se-gui-re lo 
stan-dard \T1/cmr/bx/n/10 ISO 8601:2004
 []

File: ../../../file_comuni/immagini/obelisk_sample_02.png Graphic file (type pn
g)
<use ../../../file_comuni/immagini/obelisk_sample_02.png>
Package pdftex.def Info: ../../../file_comuni/immagini/obelisk_sample_02.png us
ed on input line 543.
(pdftex.def)             Requested size: 17.07182pt x 28.39252pt.
 [14]
Overfull \hbox (12.75609pt too wide) in paragraph at lines 579--580
\T1/cmr/m/n/10 get-to è sta-to de-ci-so di af-fi-dar-si ad al-cu-ni \T1/cmr/m/i
t/10 re-po-si-to-ry$[]$ \T1/cmr/m/n/10 su Gi-tHub. L'\T1/cmr/m/it/10 Amministra
tore
 []

File: ../../../file_comuni/immagini/obelisk_sample_02.png Graphic file (type pn
g)
<use ../../../file_comuni/immagini/obelisk_sample_02.png>
Package pdftex.def Info: ../../../file_comuni/immagini/obelisk_sample_02.png us
ed on input line 590.
(pdftex.def)             Requested size: 17.07182pt x 28.39252pt.
 [15]
File: ../../../file_comuni/immagini/obelisk_sample_02.png Graphic file (type pn
g)

<use ../../../file_comuni/immagini/obelisk_sample_02.png>
Package pdftex.def Info: ../../../file_comuni/immagini/obelisk_sample_02.png us
ed on input line 646.
(pdftex.def)             Requested size: 17.07182pt x 28.39252pt.
 [16]
Overfull \hbox (1.44456pt too wide) in paragraph at lines 676--677
 []\T1/cmr/bx/n/10 Analisi di-na-mi-ca [] \T1/cmr/m/n/10 L'a-na-li-si di-na-mi-
ca con-si-ste nel-l'e-sa-mi-na-re il soft-ware quan-
 []

File: ../../../file_comuni/immagini/obelisk_sample_02.png Graphic file (type pn
g)
<use ../../../file_comuni/immagini/obelisk_sample_02.png>
Package pdftex.def Info: ../../../file_comuni/immagini/obelisk_sample_02.png us
ed on input line 695.
(pdftex.def)             Requested size: 17.07182pt x 28.39252pt.
 [17]
File: ../../../file_comuni/immagini/obelisk_sample_02.png Graphic file (type pn
g)

<use ../../../file_comuni/immagini/obelisk_sample_02.png>
Package pdftex.def Info: ../../../file_comuni/immagini/obelisk_sample_02.png us
ed on input line 734.
(pdftex.def)             Requested size: 17.07182pt x 28.39252pt.
 [18]
File: ../../../file_comuni/immagini/obelisk_sample_02.png Graphic file (type pn
g)

<use ../../../file_comuni/immagini/obelisk_sample_02.png>
Package pdftex.def Info: ../../../file_comuni/immagini/obelisk_sample_02.png us
ed on input line 772.
(pdftex.def)             Requested size: 17.07182pt x 28.39252pt.
 [19]
File: ../../../file_comuni/immagini/obelisk_sample_02.png Graphic file (type pn
g)

<use ../../../file_comuni/immagini/obelisk_sample_02.png>
Package pdftex.def Info: ../../../file_comuni/immagini/obelisk_sample_02.png us
ed on input line 819.
(pdftex.def)             Requested size: 17.07182pt x 28.39252pt.
 [20]
File: ../../../file_comuni/immagini/obelisk_sample_02.png Graphic file (type pn
g)

<use ../../../file_comuni/immagini/obelisk_sample_02.png>
Package pdftex.def Info: ../../../file_comuni/immagini/obelisk_sample_02.png us
ed on input line 854.
(pdftex.def)             Requested size: 17.07182pt x 28.39252pt.
 [21]
File: ../../../file_comuni/immagini/obelisk_sample_02.png Graphic file (type pn
g)

<use ../../../file_comuni/immagini/obelisk_sample_02.png>
Package pdftex.def Info: ../../../file_comuni/immagini/obelisk_sample_02.png us
ed on input line 892.
(pdftex.def)             Requested size: 17.07182pt x 28.39252pt.
 [22]
File: ../../../file_comuni/immagini/obelisk_sample_02.png Graphic file (type pn
g)

<use ../../../file_comuni/immagini/obelisk_sample_02.png>
Package pdftex.def Info: ../../../file_comuni/immagini/obelisk_sample_02.png us
ed on input line 930.
(pdftex.def)             Requested size: 17.07182pt x 28.39252pt.
 [23]
File: ../../../file_comuni/immagini/obelisk_sample_02.png Graphic file (type pn
g)

<use ../../../file_comuni/immagini/obelisk_sample_02.png>
Package pdftex.def Info: ../../../file_comuni/immagini/obelisk_sample_02.png us
ed on input line 970.
(pdftex.def)             Requested size: 17.07182pt x 28.39252pt.
 [24]
File: ../../../file_comuni/immagini/obelisk_sample_02.png Graphic file (type pn
g)

<use ../../../file_comuni/immagini/obelisk_sample_02.png>
Package pdftex.def Info: ../../../file_comuni/immagini/obelisk_sample_02.png us
ed on input line 1017.
(pdftex.def)             Requested size: 17.07182pt x 28.39252pt.
 [25]
File: ../../../file_comuni/immagini/obelisk_sample_02.png Graphic file (type pn
g)

<use ../../../file_comuni/immagini/obelisk_sample_02.png>
Package pdftex.def Info: ../../../file_comuni/immagini/obelisk_sample_02.png us
ed on input line 1055.
(pdftex.def)             Requested size: 17.07182pt x 28.39252pt.
 [26])
File: ../../../file_comuni/immagini/obelisk_sample_02.png Graphic file (type pn
g)

<use ../../../file_comuni/immagini/obelisk_sample_02.png>
Package pdftex.def Info: ../../../file_comuni/immagini/obelisk_sample_02.png us
ed on input line 58.
(pdftex.def)             Requested size: 17.07182pt x 28.39252pt.
 [27

]

AED: lastpage setting LastPage
Package atveryend Info: Empty hook `BeforeClearDocument' on input line 60.
Package atveryend Info: Empty hook `AfterLastShipout' on input line 60.
(./ndp.aux (./controcopertina.aux) (./contenuto.aux))
Package atveryend Info: Executing hook `AtVeryEndDocument' on input line 60.
Package atveryend Info: Executing hook `AtEndAfterFileList' on input line 60.
Package rerunfilecheck Info: File `ndp.out' has not changed.
(rerunfilecheck)             Checksum: 897D08E4FD138279A9A38AF574ED4B2F;5249.
Package atveryend Info: Empty hook `AtVeryVeryEnd' on input line 60.
 ) 
Here is how much of TeX's memory you used:
 11235 strings out of 493014
 162733 string characters out of 6133351
 293940 words of memory out of 5000000
 14423 multiletter control sequences out of 15000+600000
 14809 words of font info for 35 fonts, out of 8000000 for 9000
 1141 hyphenation exceptions out of 8191
 36i,15n,43p,908b,636s stack positions out of 5000i,500n,10000p,200000b,80000s
{/usr/local/texlive/2016/texmf-dist/fonts/enc/dvips/cm-super/cm-super-t1.enc}
</usr/local/texlive/2016/texmf-dist/fonts/type1/public/amsfonts/cm/cmmi10.pfb><
/usr/local/texlive/2016/texmf-dist/fonts/type1/public/amsfonts/cm/cmr10.pfb></u
sr/local/texlive/2016/texmf-dist/fonts/type1/public/amsfonts/cm/cmsy10.pfb></us
r/local/texlive/2016/texmf-dist/fonts/type1/public/cm-super/sfbx0900.pfb></usr/
local/texlive/2016/texmf-dist/fonts/type1/public/cm-super/sfbx1000.pfb></usr/lo
cal/texlive/2016/texmf-dist/fonts/type1/public/cm-super/sfbx1200.pfb></usr/loca
l/texlive/2016/texmf-dist/fonts/type1/public/cm-super/sfbx1440.pfb></usr/local/
texlive/2016/texmf-dist/fonts/type1/public/cm-super/sfbx2488.pfb></usr/local/te
xlive/2016/texmf-dist/fonts/type1/public/cm-super/sfrm0700.pfb></usr/local/texl
ive/2016/texmf-dist/fonts/type1/public/cm-super/sfrm0900.pfb></usr/local/texliv
e/2016/texmf-dist/fonts/type1/public/cm-super/sfrm1000.pfb></usr/local/texlive/
2016/texmf-dist/fonts/type1/public/cm-super/sfrm1440.pfb></usr/local/texlive/20
16/texmf-dist/fonts/type1/public/cm-super/sfti1000.pfb></usr/local/texlive/2016
/texmf-dist/fonts/type1/public/cm-super/sftt1000.pfb>
Output written on ndp.pdf (28 pages, 334197 bytes).
PDF statistics:
 671 PDF objects out of 1000 (max. 8388607)
 616 compressed objects within 7 object streams
 167 named destinations out of 1000 (max. 500000)
 603 words of extra memory for PDF output out of 10000 (max. 10000000)

